rca-tv-android/app/build/intermediates/manifest_merge_blame_file/release/processReleaseMainManifest/manifest-merger-blame-release-report.txt
1<?xml version="1.0" encoding="utf-8"?>
2<manifest xmlns:android="http://schemas.android.com/apk/res/android"
3    package="gr.rcatv.client"
4    android:versionCode="1"
5    android:versionName="1.0.0" >
6
7    <uses-sdk
8        android:minSdkVersion="23"
9        android:targetSdkVersion="35" />
10
11    <uses-permission android:name="android.permission.INTERNET" />
11-->src/main/AndroidManifest.xml:4:5-67
11-->src/main/AndroidManifest.xml:4:22-64
12
13    <uses-feature
13-->src/main/AndroidManifest.xml:6:5-8:35
14        android:name="android.software.leanback"
14-->src/main/AndroidManifest.xml:7:9-49
15        android:required="true" />
15-->src/main/AndroidManifest.xml:8:9-32
16    <uses-feature
16-->src/main/AndroidManifest.xml:10:5-12:36
17        android:name="android.hardware.touchscreen"
17-->src/main/AndroidManifest.xml:11:9-52
18        android:required="false" />
18-->src/main/AndroidManifest.xml:12:9-33
19
20    <application
20-->src/main/AndroidManifest.xml:14:5-36:19
21        android:allowBackup="true"
21-->src/main/AndroidManifest.xml:15:9-35
22        android:banner="@drawable/tv_banner"
22-->src/main/AndroidManifest.xml:16:9-45
23        android:extractNativeLibs="false"
24        android:icon="@mipmap/ic_launcher"
24-->src/main/AndroidManifest.xml:17:9-43
25        android:label="@string/app_name"
25-->src/main/AndroidManifest.xml:18:9-41
26        android:theme="@style/Theme.RcaTv"
26-->src/main/AndroidManifest.xml:19:9-43
27        android:usesCleartextTraffic="true" >
27-->src/main/AndroidManifest.xml:20:9-44
28        <activity
28-->src/main/AndroidManifest.xml:22:9-35:20
29            android:name="gr.rcatv.client.MainActivity"
29-->src/main/AndroidManifest.xml:23:13-41
30            android:configChanges="keyboard|keyboardHidden|navigation|orientation|screenSize|smallestScreenSize|uiMode"
30-->src/main/AndroidManifest.xml:24:13-120
31            android:exported="true"
31-->src/main/AndroidManifest.xml:25:13-36
32            android:launchMode="singleTask"
32-->src/main/AndroidManifest.xml:26:13-44
33            android:screenOrientation="landscape" >
33-->src/main/AndroidManifest.xml:27:13-50
34            <intent-filter>
34-->src/main/AndroidManifest.xml:29:13-34:29
35                <action android:name="android.intent.action.MAIN" />
35-->src/main/AndroidManifest.xml:30:17-69
35-->src/main/AndroidManifest.xml:30:25-66
36
37                <category android:name="android.intent.category.LAUNCHER" />
37-->src/main/AndroidManifest.xml:32:17-77
37-->src/main/AndroidManifest.xml:32:27-74
38                <category android:name="android.intent.category.LEANBACK_LAUNCHER" />
38-->src/main/AndroidManifest.xml:33:17-86
38-->src/main/AndroidManifest.xml:33:27-83
39            </intent-filter>
40        </activity>
41    </application>
42
43</manifest>